<?xml version="1.0" encoding="UTF-8"?>
<testng-results ignored="0" total="1" passed="1" failed="0" skipped="0">
  <reporter-output>
  </reporter-output>
  <suite started-at="2023-08-17T23:57:23 IST" name="Test_Login" finished-at="2023-08-17T23:57:28 IST" duration-ms="5615">
    <groups>
    </groups>
    <test started-at="2023-08-17T23:57:23 IST" name="Regression" finished-at="2023-08-17T23:57:28 IST" duration-ms="5615">
      <class name="TestCases.AppTest">
        <test-method signature="logintest()[pri:0, instance:TestCases.AppTest@53e3a87a]" started-at="2023-08-17T23:57:23 IST" name="logintest" finished-at="2023-08-17T23:57:27 IST" duration-ms="4286" status="PASS">
          <reporter-output>
          </reporter-output>
        </test-method> <!-- logintest -->
      </class> <!-- TestCases.AppTest -->
    </test> <!-- Regression -->
  </suite> <!-- Test_Login -->
</testng-results>
